2023-07-02 23:17:46.364 [INFO] [restartedMain] [c.b.e.EmployeepayrollAppApplication:51] Starting EmployeepayrollAppApplication using Java 17.0.2 with PID 19252 (C:\Users\Sourav Prasanna\IdeaProjects\EmployeepayrollApp\target\classes started by Sourav Prasanna in C:\Users\Sourav Prasanna\IdeaProjects\EmployeepayrollApp)
2023-07-02 23:17:46.367 [DEBUG] [restartedMain] [c.b.e.EmployeepayrollAppApplication:52] Running with Spring Boot v3.1.1, Spring v6.0.10
2023-07-02 23:17:46.368 [INFO] [restartedMain] [c.b.e.EmployeepayrollAppApplication:634] No active profile set, falling back to 1 default profile: "default"
2023-07-02 23:17:49.420 [WARN] [restartedMain] [o.s.b.a.o.j.JpaBaseConfiguration$JpaWebConfiguration:231] spring.jpa.open-in-view is enabled by default. Therefore, database queries may be performed during view rendering. Explicitly configure spring.jpa.open-in-view to disable this warning
2023-07-02 23:17:49.893 [INFO] [restartedMain] [c.b.e.EmployeepayrollAppApplication:57] Started EmployeepayrollAppApplication in 3.994 seconds (process running for 4.473)
2023-07-02 23:17:49.896 [INFO] [restartedMain] [c.b.e.EmployeepayrollAppApplication:14] Employee Payroll App Started
2023-07-02 23:44:40.316 [INFO] [restartedMain] [c.b.e.EmployeepayrollAppApplication:51] Starting EmployeepayrollAppApplication using Java 17.0.2 with PID 26528 (C:\Users\Sourav Prasanna\IdeaProjects\EmployeepayrollApp\target\classes started by Sourav Prasanna in C:\Users\Sourav Prasanna\IdeaProjects\EmployeepayrollApp)
2023-07-02 23:44:40.320 [DEBUG] [restartedMain] [c.b.e.EmployeepayrollAppApplication:52] Running with Spring Boot v3.1.1, Spring v6.0.10
2023-07-02 23:44:40.322 [INFO] [restartedMain] [c.b.e.EmployeepayrollAppApplication:634] No active profile set, falling back to 1 default profile: "default"
2023-07-02 23:44:44.463 [WARN] [restartedMain] [o.s.b.a.o.j.JpaBaseConfiguration$JpaWebConfiguration:231] spring.jpa.open-in-view is enabled by default. Therefore, database queries may be performed during view rendering. Explicitly configure spring.jpa.open-in-view to disable this warning
2023-07-02 23:44:45.014 [INFO] [restartedMain] [c.b.e.EmployeepayrollAppApplication:57] Started EmployeepayrollAppApplication in 5.425 seconds (process running for 6.253)
2023-07-02 23:44:45.020 [INFO] [restartedMain] [c.b.e.EmployeepayrollAppApplication:14] Employee Payroll App Started in COMMON Environment
2023-07-02T23:48:38.752+05:30  INFO 15836 --- [restartedMain] c.b.e.EmployeepayrollAppApplication      : Starting EmployeepayrollAppApplication using Java 17.0.2 with PID 15836 (C:\Users\Sourav Prasanna\IdeaProjects\EmployeepayrollApp\target\classes started by Sourav Prasanna in C:\Users\Sourav Prasanna\IdeaProjects\EmployeepayrollApp)
2023-07-02T23:48:38.757+05:30  INFO 15836 --- [restartedMain] c.b.e.EmployeepayrollAppApplication      : No active profile set, falling back to 1 default profile: "default"
2023-07-02T23:48:38.847+05:30  INFO 15836 --- [restartedMain] .e.DevToolsPropertyDefaultsPostProcessor : Devtools property defaults active! Set 'spring.devtools.add-properties' to 'false' to disable
2023-07-02T23:48:38.848+05:30  INFO 15836 --- [restartedMain] .e.DevToolsPropertyDefaultsPostProcessor : For additional web related logging consider setting the 'logging.level.web' property to 'DEBUG'
2023-07-02T23:48:39.896+05:30  INFO 15836 --- [restartedMain] .s.d.r.c.RepositoryConfigurationDelegate : Bootstrapping Spring Data JPA repositories in DEFAULT mode.
2023-07-02T23:48:39.929+05:30  INFO 15836 --- [restartedMain] .s.d.r.c.RepositoryConfigurationDelegate : Finished Spring Data repository scanning in 22 ms. Found 0 JPA repository interfaces.
2023-07-02T23:48:40.869+05:30  INFO 15836 --- [restartedMain] o.s.b.w.embedded.tomcat.TomcatWebServer  : Tomcat initialized with port(s): 8080 (http)
2023-07-02T23:48:40.886+05:30  INFO 15836 --- [restartedMain] o.apache.catalina.core.StandardService   : Starting service [Tomcat]
2023-07-02T23:48:40.887+05:30  INFO 15836 --- [restartedMain] o.apache.catalina.core.StandardEngine    : Starting Servlet engine: [Apache Tomcat/10.1.10]
2023-07-02T23:48:40.978+05:30  INFO 15836 --- [restartedMain] o.a.c.c.C.[Tomcat].[localhost].[/]       : Initializing Spring embedded WebApplicationContext
2023-07-02T23:48:40.979+05:30  INFO 15836 --- [restartedMain] w.s.c.ServletWebServerApplicationContext : Root WebApplicationContext: initialization completed in 2130 ms
2023-07-02T23:48:41.195+05:30  INFO 15836 --- [restartedMain] o.hibernate.jpa.internal.util.LogHelper  : HHH000204: Processing PersistenceUnitInfo [name: default]
2023-07-02T23:48:41.263+05:30  INFO 15836 --- [restartedMain] org.hibernate.Version                    : HHH000412: Hibernate ORM core version 6.2.5.Final
2023-07-02T23:48:41.266+05:30  INFO 15836 --- [restartedMain] org.hibernate.cfg.Environment            : HHH000406: Using bytecode reflection optimizer
2023-07-02T23:48:41.431+05:30  INFO 15836 --- [restartedMain] o.h.b.i.BytecodeProviderInitiator        : HHH000021: Bytecode provider name : bytebuddy
2023-07-02T23:48:41.612+05:30  INFO 15836 --- [restartedMain] o.s.o.j.p.SpringPersistenceUnitInfo      : No LoadTimeWeaver setup: ignoring JPA class transformer
2023-07-02T23:48:41.640+05:30  INFO 15836 --- [restartedMain] com.zaxxer.hikari.HikariDataSource       : HikariPool-1 - Starting...
2023-07-02T23:48:42.036+05:30  INFO 15836 --- [restartedMain] com.zaxxer.hikari.pool.HikariPool        : HikariPool-1 - Added connection com.mysql.cj.jdbc.ConnectionImpl@4850452c
2023-07-02T23:48:42.038+05:30  INFO 15836 --- [restartedMain] com.zaxxer.hikari.HikariDataSource       : HikariPool-1 - Start completed.
2023-07-02T23:48:42.274+05:30  INFO 15836 --- [restartedMain] o.h.b.i.BytecodeProviderInitiator        : HHH000021: Bytecode provider name : bytebuddy
2023-07-02T23:48:42.601+05:30  INFO 15836 --- [restartedMain] o.h.e.t.j.p.i.JtaPlatformInitiator       : HHH000490: Using JtaPlatform implementation: [org.hibernate.engine.transaction.jta.platform.internal.NoJtaPlatform]
2023-07-02T23:48:42.609+05:30  INFO 15836 --- [restartedMain] j.LocalContainerEntityManagerFactoryBean : Initialized JPA EntityManagerFactory for persistence unit 'default'
2023-07-02T23:48:42.698+05:30  WARN 15836 --- [restartedMain] JpaBaseConfiguration$JpaWebConfiguration : spring.jpa.open-in-view is enabled by default. Therefore, database queries may be performed during view rendering. Explicitly configure spring.jpa.open-in-view to disable this warning
2023-07-02T23:48:43.194+05:30  INFO 15836 --- [restartedMain] o.s.b.d.a.OptionalLiveReloadServer       : LiveReload server is running on port 35729
2023-07-02T23:48:43.235+05:30  INFO 15836 --- [restartedMain] o.s.b.w.embedded.tomcat.TomcatWebServer  : Tomcat started on port(s): 8080 (http) with context path ''
2023-07-02T23:48:43.249+05:30  INFO 15836 --- [restartedMain] c.b.e.EmployeepayrollAppApplication      : Started EmployeepayrollAppApplication in 5.242 seconds (process running for 5.959)
2023-07-02T23:48:43.253+05:30  INFO 15836 --- [restartedMain] c.b.e.EmployeepayrollAppApplication      : Employee Payroll App Started in COMMON Environment
2023-07-02T23:49:10.331+05:30  INFO 15836 --- [SpringApplicationShutdownHook] j.LocalContainerEntityManagerFactoryBean : Closing JPA EntityManagerFactory for persistence unit 'default'
2023-07-02T23:49:10.335+05:30  INFO 15836 --- [SpringApplicationShutdownHook] com.zaxxer.hikari.HikariDataSource       : HikariPool-1 - Shutdown initiated...
2023-07-02T23:49:10.347+05:30  INFO 15836 --- [SpringApplicationShutdownHook] com.zaxxer.hikari.HikariDataSource       : HikariPool-1 - Shutdown completed.
